Using pre-set license
Built from '2020.3/china_unity/release' branch; Version is '2020.3.4f1c1 (3d27070cb163) revision 4007687'; Using compiler version '192528614'; Build Type 'Release'
OS: 'Windows 10 Home China; OS build 19042.1415; Version 2009; 64bit' Language: 'zh' Physical Memory: 8065 MB
BatchMode: 1, IsHumanControllingUs: 0, StartBugReporterOnCrash: 0, Is64bit: 1, IsPro: 0

 COMMAND LINE ARGUMENTS:
G:\unity2020.3.4\2020.3.4f1c1\Editor\Unity.exe
-adb2
-batchMode
-noUpm
-name
AssetImportWorker0
-projectPath
D:/StudyAsset/shixun/terrain_proj-master
-logFile
Logs/AssetImportWorker0.log
-srvPort
50135
Successfully changed project path to: D:/StudyAsset/shixun/terrain_proj-master
D:/StudyAsset/shixun/terrain_proj-master
Using Asset Import Pipeline V2.
Refreshing native plugins compatible for Editor in 35.57 ms, found 0 plugins.
Preloading 0 native plugins for Editor in 0.00 ms.
Initialize engine version: 2020.3.4f1c1 (3d27070cb163)
[Subsystems] Discovering subsystems at path G:/unity2020.3.4/2020.3.4f1c1/Editor/Data/Resources/UnitySubsystems
[Subsystems] Discovering subsystems at path D:/StudyAsset/shixun/terrain_proj-master/Assets
GfxDevice: creating device client; threaded=0
Direct3D:
    Version:  Direct3D 11.0 [level 11.1]
    Renderer: NVIDIA GeForce GTX 1050 Ti (ID=0x1c8c)
    Vendor:   
    VRAM:     4018 MB
    Driver:   30.0.14.9649
Initialize mono
Mono path[0] = 'G:/unity2020.3.4/2020.3.4f1c1/Editor/Data/Managed'
Mono path[1] = 'G:/unity2020.3.4/2020.3.4f1c1/Editor/Data/MonoBleedingEdge/lib/mono/unityjit'
Mono config path = 'G:/unity2020.3.4/2020.3.4f1c1/Editor/Data/MonoBleedingEdge/etc'
Using monoOptions --debugger-agent=transport=dt_socket,embedding=1,server=y,suspend=n,address=127.0.0.1:56504
Begin MonoManager ReloadAssembly
Registering precompiled unity dll's ...
Register platform support module: G:/unity2020.3.4/2020.3.4f1c1/Editor/Data/PlaybackEngines/WindowsStandaloneSupport/UnityEditor.WindowsStandalone.Extensions.dll
Registered in 0.001140 seconds.
Native extension for WindowsStandalone target not found
Refreshing native plugins compatible for Editor in 32.71 ms, found 0 plugins.
Preloading 0 native plugins for Editor in 0.00 ms.
Mono: successfully reloaded assembly
- Completed reload, in  2.379 seconds
Platform modules already initialized, skipping
Registering precompiled user dll's ...
Registered in 0.002000 seconds.
Begin MonoManager ReloadAssembly
Native extension for WindowsStandalone target not found
Refreshing native plugins compatible for Editor in 0.41 ms, found 0 plugins.
Preloading 0 native plugins for Editor in 0.00 ms.
Mono: successfully reloaded assembly
- Completed reload, in  0.813 seconds
Platform modules already initialized, skipping
========================================================================
Worker process is ready to serve import requests
Launched and connected shader compiler UnityShaderCompiler.exe after 0.05 seconds
Refreshing native plugins compatible for Editor in 0.42 ms, found 0 plugins.
Preloading 0 native plugins for Editor in 0.00 ms.
Unloading 1474 Unused Serialized files (Serialized files now loaded: 0)
System memory in use before: 85.7 MB.
System memory in use after: 85.8 MB.

Unloading 33 unused Assets to reduce memory usage. Loaded Objects now: 1926.
Total: 1.872600 ms (FindLiveObjects: 0.151200 ms CreateObjectMapping: 0.053600 ms MarkObjects: 1.574800 ms  DeleteObjects: 0.091800 ms)

========================================================================
Received Import Request.
  path: Assets/Resources/Materials
  artifactKey: Guid(8105bce3c1f6fca42a274a4369d48b8a) Importer(815301076,1909f56bfc062723c751e8b465ee728b)
Start importing Assets/Resources/Materials using Guid(8105bce3c1f6fca42a274a4369d48b8a) Importer(815301076,1909f56bfc062723c751e8b465ee728b)  -> (artifact id: '9ed25539b21b2d76f0cdf89b8a71105a') in 0.020157 seconds
  Import took 0.024390 seconds .

========================================================================
Received Prepare
Refreshing native plugins compatible for Editor in 4.72 ms, found 0 plugins.
Preloading 0 native plugins for Editor in 0.00 ms.
Unloading 22 Unused Serialized files (Serialized files now loaded: 0)
System memory in use before: 56.6 MB.
System memory in use after: 56.7 MB.

Unloading 22 unused Assets to reduce memory usage. Loaded Objects now: 1926.
Total: 3.406200 ms (FindLiveObjects: 0.201100 ms CreateObjectMapping: 0.072000 ms MarkObjects: 3.103000 ms  DeleteObjects: 0.027900 ms)

========================================================================
Received Prepare
Registering precompiled user dll's ...
Registered in 0.001998 seconds.
Begin MonoManager ReloadAssembly
Native extension for WindowsStandalone target not found
Refreshing native plugins compatible for Editor in 0.44 ms, found 0 plugins.
Preloading 0 native plugins for Editor in 0.00 ms.
Mono: successfully reloaded assembly
- Completed reload, in  0.775 seconds
Platform modules already initialized, skipping
Refreshing native plugins compatible for Editor in 0.42 ms, found 0 plugins.
Preloading 0 native plugins for Editor in 0.00 ms.
Unloading 1466 Unused Serialized files (Serialized files now loaded: 0)
System memory in use before: 85.3 MB.
System memory in use after: 85.5 MB.

Unloading 24 unused Assets to reduce memory usage. Loaded Objects now: 1929.
Total: 2.072700 ms (FindLiveObjects: 0.470400 ms CreateObjectMapping: 0.100000 ms MarkObjects: 1.480000 ms  DeleteObjects: 0.019100 ms)

========================================================================
Received Import Request.
  Time since last request: 599.513371 seconds.
  path: Assets/Scenes/1111.unity
  artifactKey: Guid(cccaefe9dc7050940b4389a047feb957) Importer(815301076,1909f56bfc062723c751e8b465ee728b)
Start importing Assets/Scenes/1111.unity using Guid(cccaefe9dc7050940b4389a047feb957) Importer(815301076,1909f56bfc062723c751e8b465ee728b)  -> (artifact id: 'f40b679aa1e02a8ae167b76f1e37c519') in 0.016254 seconds
  Import took 0.030618 seconds .

AssetImportWorkerClient::OnTransportError - code=2 error=End of file
