Using pre-set license
Built from '2020.3/china_unity/release' branch; Version is '2020.3.4f1c1 (3d27070cb163) revision 4007687'; Using compiler version '192528614'; Build Type 'Release'
OS: 'Windows 10 Home China; OS build 19042.1415; Version 2009; 64bit' Language: 'zh' Physical Memory: 8065 MB
BatchMode: 1, IsHumanControllingUs: 0, StartBugReporterOnCrash: 0, Is64bit: 1, IsPro: 0

 COMMAND LINE ARGUMENTS:
G:\unity2020.3.4\2020.3.4f1c1\Editor\Unity.exe
-adb2
-batchMode
-noUpm
-name
AssetImportWorker0
-projectPath
D:/StudyAsset/shixun/terrain_proj-master
-logFile
Logs/AssetImportWorker0.log
-srvPort
51946
Successfully changed project path to: D:/StudyAsset/shixun/terrain_proj-master
D:/StudyAsset/shixun/terrain_proj-master
Using Asset Import Pipeline V2.
Refreshing native plugins compatible for Editor in 49.30 ms, found 0 plugins.
Preloading 0 native plugins for Editor in 0.00 ms.
Initialize engine version: 2020.3.4f1c1 (3d27070cb163)
[Subsystems] Discovering subsystems at path G:/unity2020.3.4/2020.3.4f1c1/Editor/Data/Resources/UnitySubsystems
[Subsystems] Discovering subsystems at path D:/StudyAsset/shixun/terrain_proj-master/Assets
GfxDevice: creating device client; threaded=0
Direct3D:
    Version:  Direct3D 11.0 [level 11.1]
    Renderer: NVIDIA GeForce GTX 1050 Ti (ID=0x1c8c)
    Vendor:   
    VRAM:     4018 MB
    Driver:   30.0.14.9649
Initialize mono
Mono path[0] = 'G:/unity2020.3.4/2020.3.4f1c1/Editor/Data/Managed'
Mono path[1] = 'G:/unity2020.3.4/2020.3.4f1c1/Editor/Data/MonoBleedingEdge/lib/mono/unityjit'
Mono config path = 'G:/unity2020.3.4/2020.3.4f1c1/Editor/Data/MonoBleedingEdge/etc'
Using monoOptions --debugger-agent=transport=dt_socket,embedding=1,server=y,suspend=n,address=127.0.0.1:56124
Begin MonoManager ReloadAssembly
Registering precompiled unity dll's ...
Register platform support module: G:/unity2020.3.4/2020.3.4f1c1/Editor/Data/PlaybackEngines/WindowsStandaloneSupport/UnityEditor.WindowsStandalone.Extensions.dll
Registered in 0.001021 seconds.
Native extension for WindowsStandalone target not found
Refreshing native plugins compatible for Editor in 42.94 ms, found 0 plugins.
Preloading 0 native plugins for Editor in 0.00 ms.
Mono: successfully reloaded assembly
- Completed reload, in  3.197 seconds
Platform modules already initialized, skipping
Registering precompiled user dll's ...
Registered in 0.002280 seconds.
Begin MonoManager ReloadAssembly
Native extension for WindowsStandalone target not found
Refreshing native plugins compatible for Editor in 0.49 ms, found 0 plugins.
Preloading 0 native plugins for Editor in 0.00 ms.
Mono: successfully reloaded assembly
- Completed reload, in  1.121 seconds
Platform modules already initialized, skipping
========================================================================
Worker process is ready to serve import requests
Launched and connected shader compiler UnityShaderCompiler.exe after 0.23 seconds
Refreshing native plugins compatible for Editor in 0.47 ms, found 0 plugins.
Preloading 0 native plugins for Editor in 0.00 ms.
Unloading 1474 Unused Serialized files (Serialized files now loaded: 0)
System memory in use before: 85.6 MB.
System memory in use after: 85.7 MB.

Unloading 33 unused Assets to reduce memory usage. Loaded Objects now: 1926.
Total: 2.725300 ms (FindLiveObjects: 0.324600 ms CreateObjectMapping: 0.131800 ms MarkObjects: 2.124800 ms  DeleteObjects: 0.142500 ms)

========================================================================
Received Import Request.
  path: Assets/Scenes/1111.unity
  artifactKey: Guid(cccaefe9dc7050940b4389a047feb957) Importer(815301076,1909f56bfc062723c751e8b465ee728b)
Start importing Assets/Scenes/1111.unity using Guid(cccaefe9dc7050940b4389a047feb957) Importer(815301076,1909f56bfc062723c751e8b465ee728b)  -> (artifact id: '4223dcba5a846bcaf1d5f8ea9dcb4a4e') in 0.015265 seconds
  Import took 0.694055 seconds .

========================================================================
Received Import Request.
  Time since last request: 112.254953 seconds.
  path: Assets/Scenes/TestLoad.unity
  artifactKey: Guid(ab348456c8b307d49bf5c1f7f332a2c3) Importer(815301076,1909f56bfc062723c751e8b465ee728b)
Start importing Assets/Scenes/TestLoad.unity using Guid(ab348456c8b307d49bf5c1f7f332a2c3) Importer(815301076,1909f56bfc062723c751e8b465ee728b)  -> (artifact id: '7bea3d13e88c8742f44438f9669bd74f') in 0.004261 seconds
  Import took 0.076349 seconds .

========================================================================
Received Prepare
Registering precompiled user dll's ...
Registered in 0.004844 seconds.
Begin MonoManager ReloadAssembly
Native extension for WindowsStandalone target not found
Refreshing native plugins compatible for Editor in 0.56 ms, found 0 plugins.
Preloading 0 native plugins for Editor in 0.00 ms.
Mono: successfully reloaded assembly
- Completed reload, in  1.734 seconds
Platform modules already initialized, skipping
Refreshing native plugins compatible for Editor in 1.07 ms, found 0 plugins.
Preloading 0 native plugins for Editor in 0.00 ms.
Unloading 1466 Unused Serialized files (Serialized files now loaded: 0)
System memory in use before: 85.3 MB.
System memory in use after: 85.4 MB.

Unloading 24 unused Assets to reduce memory usage. Loaded Objects now: 1929.
Total: 6.900100 ms (FindLiveObjects: 0.690300 ms CreateObjectMapping: 0.284100 ms MarkObjects: 5.863300 ms  DeleteObjects: 0.058700 ms)

AssetImportWorkerClient::OnTransportError - code=2 error=End of file
